<?xml version="1.0" encoding="UTF-8"?>
<!-- Generated by org.testng.reporters.JUnitReportReporter -->
<testsuite hostname="LAPTOP-2O0EF0F7" failures="0" tests="1" name="Testcases.SignupTestcase" time="0.248" errors="0" timestamp="2023-09-10T15:45:30 IST" skipped="0">
  <testcase classname="Testcases.SignupTestcase" name="ClickonNewAccount" time="0.248"/>
</testsuite> <!-- Testcases.SignupTestcase -->
