<?xml version="1.0" encoding="UTF-8"?>
<!-- Generated by org.testng.reporters.JUnitReportReporter -->
<testsuite hostname="LAPTOP-2O0EF0F7" failures="0" tests="12" name="Testcases.SignupTestcases" time="3.534" errors="0" timestamp="2023-09-11T11:39:31 IST" skipped="0">
  <testcase classname="Testcases.SignupTestcases" name="ClickonNewAccount" time="0.294"/>
  <testcase classname="Testcases.SignupTestcases" name="FirstName" time="1.038"/>
  <testcase classname="Testcases.SignupTestcases" name="LastName" time="0.158"/>
  <testcase classname="Testcases.SignupTestcases" name="EmailAddress" time="0.211"/>
  <testcase classname="Testcases.SignupTestcases" name="Passwords" time="0.134"/>
  <testcase classname="Testcases.SignupTestcases" name="SelectDay" time="0.233"/>
  <testcase classname="Testcases.SignupTestcases" name="SelectMonth" time="0.175"/>
  <testcase classname="Testcases.SignupTestcases" name="SelectYear" time="0.657"/>
  <testcase classname="Testcases.SignupTestcases" name="ClickOnMaleButton" time="0.366"/>
  <testcase classname="Testcases.SignupTestcases" name="CLickOnSignUpButton" time="0.135"/>
  <testcase classname="Testcases.SignupTestcases" name="Text" time="0.116"/>
  <testcase classname="Testcases.SignupTestcases" name="Title" time="0.017"/>
</testsuite> <!-- Testcases.SignupTestcases -->
