<?xml version="1.0" encoding="UTF-8"?>
<!-- Generated by org.testng.reporters.JUnitReportReporter -->
<testsuite hostname="LAPTOP-2O0EF0F7" failures="0" tests="8" name="Testcases.FBLoginOrSignupTestcase" time="45.765" errors="0" timestamp="2023-09-11T15:26:57 IST" skipped="2">
  <testcase classname="Testcases.FBLoginOrSignupTestcase" name="EmailAddresstoLoginField" time="0.823"/>
  <testcase classname="Testcases.FBLoginOrSignupTestcase" name="ClickOnMoreLanguageButton" time="0.282"/>
  <testcase classname="Testcases.FBLoginOrSignupTestcase" name="ClickOnCloseButton" time="7.460"/>
  <testcase classname="Testcases.FBLoginOrSignupTestcase" name="ClickOnCareerLink" time="37.033"/>
  <testcase classname="Testcases.FBLoginOrSignupTestcase" name="ClickOnCancelButton" time="0.153"/>
  <testcase classname="Testcases.FBLoginOrSignupTestcase" name="Title" time="0.014"/>
  <testcase classname="Testcases.FBLoginOrSignupTestcase" name="CountTheAllLanguage">
    <skipped/>
  </testcase> <!-- CountTheAllLanguage -->
  <testcase classname="Testcases.FBLoginOrSignupTestcase" name="CountFooterLinks">
    <skipped/>
  </testcase> <!-- CountFooterLinks -->
</testsuite> <!-- Testcases.FBLoginOrSignupTestcase -->
