<?xml version="1.0" encoding="UTF-8"?>
<!-- Generated by org.testng.reporters.JUnitReportReporter -->
<testsuite hostname="LAPTOP-2O0EF0F7" failures="0" tests="1" name="com.Facebook.QA.Driver.DriverInitialization" time="4.722" errors="0" timestamp="2022-11-07T15:19:37 IST" skipped="0">
  <testcase classname="com.Facebook.QA.Driver.DriverInitialization" name="browserinitialization" time="4.722"/>
</testsuite> <!-- com.Facebook.QA.Driver.DriverInitialization -->
