<?xml version="1.0" encoding="UTF-8"?>
<!-- Generated by org.testng.reporters.JUnitReportReporter -->
<testsuite hostname="LAPTOP-2O0EF0F7" failures="0" tests="10" name="Testcases.SignupTestcases" time="4.533" errors="0" timestamp="2023-09-10T20:18:59 IST" skipped="0">
  <testcase classname="Testcases.SignupTestcases" name="ClickonNewAccount" time="0.560"/>
  <testcase classname="Testcases.SignupTestcases" name="FirstName" time="1.210"/>
  <testcase classname="Testcases.SignupTestcases" name="LastName" time="0.171"/>
  <testcase classname="Testcases.SignupTestcases" name="EmailAddress" time="0.196"/>
  <testcase classname="Testcases.SignupTestcases" name="Passwords" time="0.155"/>
  <testcase classname="Testcases.SignupTestcases" name="SelectDay" time="0.309"/>
  <testcase classname="Testcases.SignupTestcases" name="SelectMonth" time="0.252"/>
  <testcase classname="Testcases.SignupTestcases" name="SelectYear" time="0.952"/>
  <testcase classname="Testcases.SignupTestcases" name="ClickOnMaleButton" time="0.116"/>
  <testcase classname="Testcases.SignupTestcases" name="CLickOnSignUpButton" time="0.612"/>
</testsuite> <!-- Testcases.SignupTestcases -->
