<?xml version="1.0" encoding="UTF-8"?>
<!-- Generated by org.testng.reporters.JUnitReportReporter -->
<testsuite hostname="LAPTOP-2O0EF0F7" failures="0" tests="10" name="Testcases.SignupTestcases" time="3.808" errors="0" timestamp="2023-09-10T19:23:26 IST" skipped="0">
  <testcase classname="Testcases.SignupTestcases" name="ClickonNewAccount" time="0.248"/>
  <testcase classname="Testcases.SignupTestcases" name="FirstName" time="1.268"/>
  <testcase classname="Testcases.SignupTestcases" name="LastName" time="0.173"/>
  <testcase classname="Testcases.SignupTestcases" name="EmailAddress" time="0.220"/>
  <testcase classname="Testcases.SignupTestcases" name="Passwords" time="0.188"/>
  <testcase classname="Testcases.SignupTestcases" name="SelectDay" time="0.300"/>
  <testcase classname="Testcases.SignupTestcases" name="SelectMonth" time="0.249"/>
  <testcase classname="Testcases.SignupTestcases" name="SelectYear" time="0.911"/>
  <testcase classname="Testcases.SignupTestcases" name="ClickOnMaleButton" time="0.113"/>
  <testcase classname="Testcases.SignupTestcases" name="CLickOnSignUpButton" time="0.138"/>
</testsuite> <!-- Testcases.SignupTestcases -->
