<?xml version="1.0" encoding="UTF-8"?>
<!-- Generated by org.testng.reporters.JUnitReportReporter -->
<testsuite hostname="LAPTOP-2O0EF0F7" failures="0" tests="1" name="Testcases.CreatNewAccTestcase" time="0.265" errors="0" timestamp="2023-09-10T16:01:07 IST" skipped="0">
  <testcase classname="Testcases.CreatNewAccTestcase" name="ClickonNewAccount" time="0.265"/>
</testsuite> <!-- Testcases.CreatNewAccTestcase -->
