<?xml version="1.0" encoding="UTF-8"?>
<!-- Generated by org.testng.reporters.JUnitReportReporter -->
<testsuite hostname="LAPTOP-2O0EF0F7" failures="0" tests="1" name="Base.ChromeBrowser" time="0.034" errors="0" timestamp="2023-09-11T10:16:58 IST" skipped="0">
  <testcase classname="Base.ChromeBrowser" name="Title" time="0.034"/>
</testsuite> <!-- Base.ChromeBrowser -->
