<?xml version="1.0" encoding="UTF-8"?>
<!-- Generated by org.testng.reporters.JUnitReportReporter -->
<testsuite hostname="LAPTOP-2O0EF0F7" failures="0" tests="12" name="Testcases.SignupTestcases" time="5.717" errors="0" timestamp="2023-09-11T11:20:27 IST" skipped="0">
  <testcase classname="Testcases.SignupTestcases" name="ClickonNewAccount" time="0.297"/>
  <testcase classname="Testcases.SignupTestcases" name="FirstName" time="1.312"/>
  <testcase classname="Testcases.SignupTestcases" name="LastName" time="0.438"/>
  <testcase classname="Testcases.SignupTestcases" name="EmailAddress" time="0.413"/>
  <testcase classname="Testcases.SignupTestcases" name="Passwords" time="0.217"/>
  <testcase classname="Testcases.SignupTestcases" name="SelectDay" time="0.309"/>
  <testcase classname="Testcases.SignupTestcases" name="SelectMonth" time="0.243"/>
  <testcase classname="Testcases.SignupTestcases" name="SelectYear" time="0.765"/>
  <testcase classname="Testcases.SignupTestcases" name="ClickOnMaleButton" time="0.109"/>
  <testcase classname="Testcases.SignupTestcases" name="CLickOnSignUpButton" time="1.433"/>
  <testcase classname="Testcases.SignupTestcases" name="Text" time="0.170"/>
  <testcase classname="Testcases.SignupTestcases" name="Title" time="0.011"/>
</testsuite> <!-- Testcases.SignupTestcases -->
